Change Component Footprint: Designator=C5 Old Footprint=C0805 New Footprint=C1206
Change Component Footprint: Designator=C10 Old Footprint=C0805 New Footprint=C1210
Change Component Footprint: Designator=C11 Old Footprint=C0805 New Footprint=C1210
Change Component Footprint: Designator=C12 Old Footprint=C0805 New Footprint=C1210
Change Component Footprint: Designator=C2 Old Footprint=C1206 New Footprint=C0805
Change Component Footprint: Designator=C9 Old Footprint=C1206 New Footprint=C0805
Change Component Footprint: Designator=R2 Old Footprint=SMD-0805-RES New Footprint=J1-0603
Change Component Comment : Designator=C2 Old Comment=Cap Semi New Comment=Cap Pol3
Change Component Comment : Designator=C9 Old Comment=Cap Semi New Comment=Cap Pol3
Change component parameters: Designator = "C2"; Footprint = "C0805"; UniqueID = "\AQAOUEIT"
Change component parameters. Clean all parameters for all variants
Change component parameters (AddParameter): Name = "LatestRevisionDate"; Value = "29-May-2009"; VariantName = "[No Variations]"
Change component parameters (AddParameter): Name = "LatestRevisionNote"; Value = "IPC-7351 Footprint Added."; VariantName = "[No Variations]"
Change component parameters (AddParameter): Name = "PackageDescription"; Value = "Chip Capacitor"; VariantName = "[No Variations]"
Change component parameters (AddParameter): Name = "PackageReference"; Value = "C0805"; VariantName = "[No Variations]"
Change component parameters (AddParameter): Name = "Published"; Value = "8-Jun-2000"; VariantName = "[No Variations]"
Change component parameters (AddParameter): Name = "Publisher"; Value = "Altium Limited"; VariantName = "[No Variations]"
Change component parameters (AddParameter): Name = "Value"; Value = "220uF"; VariantName = "[No Variations]"
Change component parameters: Designator = "C9"; Footprint = "C0805"; UniqueID = "\GLHTKMFU"
Change component parameters. Clean all parameters for all variants
Change component parameters (AddParameter): Name = "LatestRevisionDate"; Value = "29-May-2009"; VariantName = "[No Variations]"
Change component parameters (AddParameter): Name = "LatestRevisionNote"; Value = "IPC-7351 Footprint Added."; VariantName = "[No Variations]"
Change component parameters (AddParameter): Name = "PackageDescription"; Value = "Chip Capacitor"; VariantName = "[No Variations]"
Change component parameters (AddParameter): Name = "PackageReference"; Value = "C0805"; VariantName = "[No Variations]"
Change component parameters (AddParameter): Name = "Published"; Value = "8-Jun-2000"; VariantName = "[No Variations]"
Change component parameters (AddParameter): Name = "Publisher"; Value = "Altium Limited"; VariantName = "[No Variations]"
Change component parameters (AddParameter): Name = "Value"; Value = "220uF"; VariantName = "[No Variations]"
Added Component: Designator=C15(RB7.6-15)
Add component. Clean all parameters for all variants
Add component (AddParameter): Name = "LatestRevisionDate"; Value = "17-Jul-2002"; VariantName = "[No Variations]"
Add component (AddParameter): Name = "LatestRevisionNote"; Value = "Re-released for DXP Platform."; VariantName = "[No Variations]"
Add component (AddParameter): Name = "PackageDescription"; Value = "Polarized Capacitor (Radial); 2 Leads"; VariantName = "[No Variations]"
Add component (AddParameter): Name = "PackageReference"; Value = "RB7.6-15"; VariantName = "[No Variations]"
Add component (AddParameter): Name = "Published"; Value = "8-Jun-2000"; VariantName = "[No Variations]"
Add component (AddParameter): Name = "Publisher"; Value = "Altium Limited"; VariantName = "[No Variations]"
Add component (AddParameter): Name = "Value"; Value = "1000uF/50V"; VariantName = "[No Variations]"
Added Pin To Net: NetName=9V Pin=C15-1
Added Pin To Net: NetName=GND Pin=C15-2
Added Member To Class: ClassName=Power_Supply Member=Component C13 Cap Pol1
Added Member To Class: ClassName=Power_Supply Member=Component C15 Cap Pol1
Added Member To Class: ClassName=Power_Supply Member=Component U3 DF01S2
Added Room: Name=LM386
Added Room: Name=Power_Supply
